<!DOCTYPE html>
<html>
<head>
<meta http-equiv="Content-Type" content="text/html; charset=utf-8"/>
<meta http-equiv="x-ua-compatible" content="IE=edge"/>
<title>Test results - MemberServiceTest</title>
<link href="../css/base-style.css" rel="stylesheet" type="text/css"/>
<link href="../css/style.css" rel="stylesheet" type="text/css"/>
<script src="../js/report.js" type="text/javascript"></script>
</head>
<body>
<div id="content">
<h1>MemberServiceTest</h1>
<div class="breadcrumbs">
<a href="../index.html">all</a> &gt; 
<a href="../packages/jpabook.jpashop.service.html">jpabook.jpashop.service</a> &gt; MemberServiceTest</div>
<div id="summary">
<table>
<tr>
<td>
<div class="summaryGroup">
<table>
<tr>
<td>
<div class="infoBox" id="tests">
<div class="counter">1</div>
<p>tests</p>
</div>
</td>
<td>
<div class="infoBox" id="failures">
<div class="counter">1</div>
<p>failures</p>
</div>
</td>
<td>
<div class="infoBox" id="ignored">
<div class="counter">0</div>
<p>ignored</p>
</div>
</td>
<td>
<div class="infoBox" id="duration">
<div class="counter">0.564s</div>
<p>duration</p>
</div>
</td>
</tr>
</table>
</div>
</td>
<td>
<div class="infoBox failures" id="successRate">
<div class="percent">0%</div>
<p>successful</p>
</div>
</td>
</tr>
</table>
</div>
<div id="tabs">
<ul class="tabLinks">
<li>
<a href="#tab0">Failed tests</a>
</li>
<li>
<a href="#tab1">Tests</a>
</li>
<li>
<a href="#tab2">Standard output</a>
</li>
</ul>
<div id="tab0" class="tab">
<h2>Failed tests</h2>
<div class="test">
<a name="중복_회원_에외"></a>
<h3 class="failures">중복_회원_에외</h3>
<span class="code">
<pre>java.lang.Exception: Unexpected exception, expected&lt;java.lang.IllegalStateException&gt; but was&lt;java.lang.AssertionError&gt;
	at org.junit.internal.runners.statements.ExpectException.evaluate(ExpectException.java:30)
	at org.springframework.test.context.junit4.statements.RunBeforeTestMethodCallbacks.evaluate(RunBeforeTestMethodCallbacks.java:75)
	at org.springframework.test.context.junit4.statements.RunAfterTestMethodCallbacks.evaluate(RunAfterTestMethodCallbacks.java:86)
	at org.springframework.test.context.junit4.statements.SpringRepeat.evaluate(SpringRepeat.java:84)
	at org.junit.runners.ParentRunner.runLeaf(ParentRunner.java:366)
	at org.springframework.test.context.junit4.SpringJUnit4ClassRunner.runChild(SpringJUnit4ClassRunner.java:251)
	at org.springframework.test.context.junit4.SpringJUnit4ClassRunner.runChild(SpringJUnit4ClassRunner.java:97)
	at org.junit.runners.ParentRunner$4.run(ParentRunner.java:331)
	at org.junit.runners.ParentRunner$1.schedule(ParentRunner.java:79)
	at org.junit.runners.ParentRunner.runChildren(ParentRunner.java:329)
	at org.junit.runners.ParentRunner.access$100(ParentRunner.java:66)
	at org.junit.runners.ParentRunner$2.evaluate(ParentRunner.java:293)
	at org.springframework.test.context.junit4.statements.RunBeforeTestClassCallbacks.evaluate(RunBeforeTestClassCallbacks.java:61)
	at org.springframework.test.context.junit4.statements.RunAfterTestClassCallbacks.evaluate(RunAfterTestClassCallbacks.java:70)
	at org.junit.runners.ParentRunner$3.evaluate(ParentRunner.java:306)
	at org.junit.runners.ParentRunner.run(ParentRunner.java:413)
	at org.springframework.test.context.junit4.SpringJUnit4ClassRunner.run(SpringJUnit4ClassRunner.java:190)
	at org.junit.runner.JUnitCore.run(JUnitCore.java:137)
	at org.junit.runner.JUnitCore.run(JUnitCore.java:115)
	at org.junit.vintage.engine.execution.RunnerExecutor.execute(RunnerExecutor.java:43)
	at java.base/java.util.stream.ForEachOps$ForEachOp$OfRef.accept(ForEachOps.java:183)
	at java.base/java.util.stream.ReferencePipeline$3$1.accept(ReferencePipeline.java:195)
	at java.base/java.util.Iterator.forEachRemaining(Iterator.java:133)
	at java.base/java.util.Spliterators$IteratorSpliterator.forEachRemaining(Spliterators.java:1801)
	at java.base/java.util.stream.AbstractPipeline.copyInto(AbstractPipeline.java:484)
	at java.base/java.util.stream.AbstractPipeline.wrapAndCopyInto(AbstractPipeline.java:474)
	at java.base/java.util.stream.ForEachOps$ForEachOp.evaluateSequential(ForEachOps.java:150)
	at java.base/java.util.stream.ForEachOps$ForEachOp$OfRef.evaluateSequential(ForEachOps.java:173)
	at java.base/java.util.stream.AbstractPipeline.evaluate(AbstractPipeline.java:234)
	at java.base/java.util.stream.ReferencePipeline.forEach(ReferencePipeline.java:497)
	at org.junit.vintage.engine.VintageTestEngine.executeAllChildren(VintageTestEngine.java:82)
	at org.junit.vintage.engine.VintageTestEngine.execute(VintageTestEngine.java:73)
	at org.junit.platform.launcher.core.EngineExecutionOrchestrator.execute(EngineExecutionOrchestrator.java:108)
	at org.junit.platform.launcher.core.EngineExecutionOrchestrator.execute(EngineExecutionOrchestrator.java:88)
	at org.junit.platform.launcher.core.EngineExecutionOrchestrator.lambda$execute$0(EngineExecutionOrchestrator.java:54)
	at org.junit.platform.launcher.core.EngineExecutionOrchestrator.withInterceptedStreams(EngineExecutionOrchestrator.java:67)
	at org.junit.platform.launcher.core.EngineExecutionOrchestrator.execute(EngineExecutionOrchestrator.java:52)
	at org.junit.platform.launcher.core.DefaultLauncher.execute(DefaultLauncher.java:96)
	at org.junit.platform.launcher.core.DefaultLauncher.execute(DefaultLauncher.java:75)
	at org.gradle.api.internal.tasks.testing.junitplatform.JUnitPlatformTestClassProcessor$CollectAllTestClassesExecutor.processAllTestClasses(JUnitPlatformTestClassProcessor.java:99)
	at org.gradle.api.internal.tasks.testing.junitplatform.JUnitPlatformTestClassProcessor$CollectAllTestClassesExecutor.access$000(JUnitPlatformTestClassProcessor.java:79)
	at org.gradle.api.internal.tasks.testing.junitplatform.JUnitPlatformTestClassProcessor.stop(JUnitPlatformTestClassProcessor.java:75)
	at org.gradle.api.internal.tasks.testing.SuiteTestClassProcessor.stop(SuiteTestClassProcessor.java:61)
	at java.base/jdk.internal.reflect.NativeMethodAccessorImpl.invoke0(Native Method)
	at java.base/jdk.internal.reflect.NativeMethodAccessorImpl.invoke(NativeMethodAccessorImpl.java:62)
	at java.base/jdk.internal.reflect.DelegatingMethodAccessorImpl.invoke(DelegatingMethodAccessorImpl.java:43)
	at java.base/java.lang.reflect.Method.invoke(Method.java:566)
	at org.gradle.internal.dispatch.ReflectionDispatch.dispatch(ReflectionDispatch.java:36)
	at org.gradle.internal.dispatch.ReflectionDispatch.dispatch(ReflectionDispatch.java:24)
	at org.gradle.internal.dispatch.ContextClassLoaderDispatch.dispatch(ContextClassLoaderDispatch.java:33)
	at org.gradle.internal.dispatch.ProxyDispatchAdapter$DispatchingInvocationHandler.invoke(ProxyDispatchAdapter.java:94)
	at com.sun.proxy.$Proxy2.stop(Unknown Source)
	at org.gradle.api.internal.tasks.testing.worker.TestWorker.stop(TestWorker.java:135)
	at java.base/jdk.internal.reflect.NativeMethodAccessorImpl.invoke0(Native Method)
	at java.base/jdk.internal.reflect.NativeMethodAccessorImpl.invoke(NativeMethodAccessorImpl.java:62)
	at java.base/jdk.internal.reflect.DelegatingMethodAccessorImpl.invoke(DelegatingMethodAccessorImpl.java:43)
	at java.base/java.lang.reflect.Method.invoke(Method.java:566)
	at org.gradle.internal.dispatch.ReflectionDispatch.dispatch(ReflectionDispatch.java:36)
	at org.gradle.internal.dispatch.ReflectionDispatch.dispatch(ReflectionDispatch.java:24)
	at org.gradle.internal.remote.internal.hub.MessageHubBackedObjectConnection$DispatchWrapper.dispatch(MessageHubBackedObjectConnection.java:182)
	at org.gradle.internal.remote.internal.hub.MessageHubBackedObjectConnection$DispatchWrapper.dispatch(MessageHubBackedObjectConnection.java:164)
	at org.gradle.internal.remote.internal.hub.MessageHub$Handler.run(MessageHub.java:414)
	at org.gradle.internal.concurrent.ExecutorPolicy$CatchAndRecordFailures.onExecute(ExecutorPolicy.java:64)
	at org.gradle.internal.concurrent.ManagedExecutorImpl$1.run(ManagedExecutorImpl.java:48)
	at java.base/java.util.concurrent.ThreadPoolExecutor.runWorker(ThreadPoolExecutor.java:1128)
	at java.base/java.util.concurrent.ThreadPoolExecutor$Worker.run(ThreadPoolExecutor.java:628)
	at org.gradle.internal.concurrent.ThreadFactoryImpl$ManagedThreadRunnable.run(ThreadFactoryImpl.java:56)
	at java.base/java.lang.Thread.run(Thread.java:829)
Caused by: java.lang.AssertionError: 예외가 발생해야 한다.
	at org.junit.Assert.fail(Assert.java:89)
	at jpabook.jpashop.service.MemberServiceTest.중복_회원_에외(MemberServiceTest.java:51)
	at java.base/jdk.internal.reflect.NativeMethodAccessorImpl.invoke0(Native Method)
	at java.base/jdk.internal.reflect.NativeMethodAccessorImpl.invoke(NativeMethodAccessorImpl.java:62)
	at java.base/jdk.internal.reflect.DelegatingMethodAccessorImpl.invoke(DelegatingMethodAccessorImpl.java:43)
	at java.base/java.lang.reflect.Method.invoke(Method.java:566)
	at org.junit.runners.model.FrameworkMethod$1.runReflectiveCall(FrameworkMethod.java:59)
	at org.junit.internal.runners.model.ReflectiveCallable.run(ReflectiveCallable.java:12)
	at org.junit.runners.model.FrameworkMethod.invokeExplosively(FrameworkMethod.java:56)
	at org.junit.internal.runners.statements.InvokeMethod.evaluate(InvokeMethod.java:17)
	at org.springframework.test.context.junit4.statements.RunBeforeTestExecutionCallbacks.evaluate(RunBeforeTestExecutionCallbacks.java:74)
	at org.springframework.test.context.junit4.statements.RunAfterTestExecutionCallbacks.evaluate(RunAfterTestExecutionCallbacks.java:84)
	at org.junit.internal.runners.statements.ExpectException.evaluate(ExpectException.java:19)
	... 67 more
</pre>
</span>
</div>
</div>
<div id="tab1" class="tab">
<h2>Tests</h2>
<table>
<thead>
<tr>
<th>Test</th>
<th>Duration</th>
<th>Result</th>
</tr>
</thead>
<tr>
<td class="failures">중복_회원_에외</td>
<td class="failures">0.564s</td>
<td class="failures">failed</td>
</tr>
</table>
</div>
<div id="tab2" class="tab">
<h2>Standard output</h2>
<span class="code">
<pre>22:53:19.306 [Test worker] DEBUG org.springframework.test.annotation.ProfileValueUtils - Retrieved @ProfileValueSourceConfiguration [null] for test class [jpabook.jpashop.service.MemberServiceTest]
22:53:19.307 [Test worker] DEBUG org.springframework.test.annotation.ProfileValueUtils - Retrieved ProfileValueSource type [class org.springframework.test.annotation.SystemProfileValueSource] for class [jpabook.jpashop.service.MemberServiceTest]
22:53:19.309 [Test worker] DEBUG org.springframework.test.annotation.ProfileValueUtils - Retrieved @ProfileValueSourceConfiguration [null] for test class [jpabook.jpashop.service.MemberServiceTest]
22:53:19.309 [Test worker] DEBUG org.springframework.test.annotation.ProfileValueUtils - Retrieved ProfileValueSource type [class org.springframework.test.annotation.SystemProfileValueSource] for class [jpabook.jpashop.service.MemberServiceTest]
22:53:19.319 [Test worker] DEBUG org.springframework.test.context.support.AbstractDirtiesContextTestExecutionListener - Before test class: context [DefaultTestContext@764f6115 testClass = MemberServiceTest, testInstance = [null], testMethod = [null], testException = [null], mergedContextConfiguration = [WebMergedContextConfiguration@20f10a49 testClass = MemberServiceTest, locations = '{}', classes = '{class jpabook.jpashop.JpashopApplication}', contextInitializerClasses = '[]', activeProfiles = '{}', propertySourceLocations = '{}', propertySourceProperties = '{org.springframework.boot.test.context.SpringBootTestContextBootstrapper=true}', contextCustomizers = set[org.springframework.boot.test.autoconfigure.actuate.metrics.MetricsExportContextCustomizerFactory$DisableMetricExportContextCustomizer@268bbef1, org.springframework.boot.test.autoconfigure.properties.PropertyMappingContextCustomizer@0, org.springframework.boot.test.autoconfigure.web.servlet.WebDriverContextCustomizerFactory$Customizer@45adb80a, org.springframework.boot.test.context.filter.ExcludeFilterContextCustomizer@696f2190, org.springframework.boot.test.json.DuplicateJsonObjectContextCustomizerFactory$DuplicateJsonObjectContextCustomizer@4e8ed66c, org.springframework.boot.test.mock.mockito.MockitoContextCustomizer@0, org.springframework.boot.test.web.client.TestRestTemplateContextCustomizer@249ccd37, org.springframework.boot.test.context.SpringBootTestArgs@1, org.springframework.boot.test.context.SpringBootTestWebEnvironment@c5ff5df], resourceBasePath = 'src/main/webapp', contextLoader = 'org.springframework.boot.test.context.SpringBootContextLoader', parent = [null]], attributes = map['org.springframework.test.context.web.ServletTestExecutionListener.activateListener' -&gt; true]], class annotated with @DirtiesContext [false] with mode [null].
22:53:19.322 [Test worker] DEBUG org.springframework.test.annotation.ProfileValueUtils - Retrieved @ProfileValueSourceConfiguration [null] for test class [jpabook.jpashop.service.MemberServiceTest]
22:53:19.323 [Test worker] DEBUG org.springframework.test.annotation.ProfileValueUtils - Retrieved ProfileValueSource type [class org.springframework.test.annotation.SystemProfileValueSource] for class [jpabook.jpashop.service.MemberServiceTest]
22:53:19.368 [Test worker] DEBUG org.springframework.test.context.support.TestPropertySourceUtils - Adding inlined properties to environment: {spring.jmx.enabled=false, org.springframework.boot.test.context.SpringBootTestContextBootstrapper=true}

  .   ____          _            __ _ _
 /\\ / ___'_ __ _ _(_)_ __  __ _ \ \ \ \
( ( )\___ | '_ | '_| | '_ \/ _` | \ \ \ \
 \\/  ___)| |_)| | | | | || (_| |  ) ) ) )
  '  |____| .__|_| |_|_| |_\__, | / / / /
 =========|_|==============|___/=/_/_/_/
 :: Spring Boot ::                (v2.5.4)

2021-09-22 22:53:19.894  INFO 76776 --- [    Test worker] j.jpashop.service.MemberServiceTest      : Starting MemberServiceTest using Java 11.0.11 on gim-yulhuiui-MacBook-Pro.local with PID 76776 (started by kim-yulhee in /Users/kim-yulhee/Spring-Study/jpashop)
2021-09-22 22:53:19.900  INFO 76776 --- [    Test worker] j.jpashop.service.MemberServiceTest      : No active profile set, falling back to default profiles: default
2021-09-22 22:53:20.717  INFO 76776 --- [    Test worker] .s.d.r.c.RepositoryConfigurationDelegate : Bootstrapping Spring Data JPA repositories in DEFAULT mode.
2021-09-22 22:53:20.738  INFO 76776 --- [    Test worker] .s.d.r.c.RepositoryConfigurationDelegate : Finished Spring Data repository scanning in 8 ms. Found 0 JPA repository interfaces.
2021-09-22 22:53:21.601  INFO 76776 --- [    Test worker] o.hibernate.jpa.internal.util.LogHelper  : HHH000204: Processing PersistenceUnitInfo [name: default]
2021-09-22 22:53:21.749  INFO 76776 --- [    Test worker] org.hibernate.Version                    : HHH000412: Hibernate ORM core version 5.4.32.Final
2021-09-22 22:53:22.013  INFO 76776 --- [    Test worker] o.hibernate.annotations.common.Version   : HCANN000001: Hibernate Commons Annotations {5.1.2.Final}
2021-09-22 22:53:22.088 DEBUG 76776 --- [    Test worker] org.hibernate.type.BasicTypeRegistry     : Adding type registration boolean -&gt; org.hibernate.type.BooleanType@5080078d
2021-09-22 22:53:22.089 DEBUG 76776 --- [    Test worker] org.hibernate.type.BasicTypeRegistry     : Adding type registration boolean -&gt; org.hibernate.type.BooleanType@5080078d
2021-09-22 22:53:22.090 DEBUG 76776 --- [    Test worker] org.hibernate.type.BasicTypeRegistry     : Adding type registration java.lang.Boolean -&gt; org.hibernate.type.BooleanType@5080078d
2021-09-22 22:53:22.091 DEBUG 76776 --- [    Test worker] org.hibernate.type.BasicTypeRegistry     : Adding type registration numeric_boolean -&gt; org.hibernate.type.NumericBooleanType@45dbd91
2021-09-22 22:53:22.093 DEBUG 76776 --- [    Test worker] org.hibernate.type.BasicTypeRegistry     : Adding type registration true_false -&gt; org.hibernate.type.TrueFalseType@55449968
2021-09-22 22:53:22.094 DEBUG 76776 --- [    Test worker] org.hibernate.type.BasicTypeRegistry     : Adding type registration yes_no -&gt; org.hibernate.type.YesNoType@78827a4e
2021-09-22 22:53:22.096 DEBUG 76776 --- [    Test worker] org.hibernate.type.BasicTypeRegistry     : Adding type registration byte -&gt; org.hibernate.type.ByteType@4f3521b7
2021-09-22 22:53:22.096 DEBUG 76776 --- [    Test worker] org.hibernate.type.BasicTypeRegistry     : Adding type registration byte -&gt; org.hibernate.type.ByteType@4f3521b7
2021-09-22 22:53:22.097 DEBUG 76776 --- [    Test worker] org.hibernate.type.BasicTypeRegistry     : Adding type registration java.lang.Byte -&gt; org.hibernate.type.ByteType@4f3521b7
2021-09-22 22:53:22.100 DEBUG 76776 --- [    Test worker] org.hibernate.type.BasicTypeRegistry     : Adding type registration character -&gt; org.hibernate.type.CharacterType@1e29e12
2021-09-22 22:53:22.101 DEBUG 76776 --- [    Test worker] org.hibernate.type.BasicTypeRegistry     : Adding type registration char -&gt; org.hibernate.type.CharacterType@1e29e12
2021-09-22 22:53:22.103 DEBUG 76776 --- [    Test worker] org.hibernate.type.BasicTypeRegistry     : Adding type registration java.lang.Character -&gt; org.hibernate.type.CharacterType@1e29e12
2021-09-22 22:53:22.105 DEBUG 76776 --- [    Test worker] org.hibernate.type.BasicTypeRegistry     : Adding type registration short -&gt; org.hibernate.type.ShortType@61a25cf9
2021-09-22 22:53:22.106 DEBUG 76776 --- [    Test worker] org.hibernate.type.BasicTypeRegistry     : Adding type registration short -&gt; org.hibernate.type.ShortType@61a25cf9
2021-09-22 22:53:22.106 DEBUG 76776 --- [    Test worker] org.hibernate.type.BasicTypeRegistry     : Adding type registration java.lang.Short -&gt; org.hibernate.type.ShortType@61a25cf9
2021-09-22 22:53:22.108 DEBUG 76776 --- [    Test worker] org.hibernate.type.BasicTypeRegistry     : Adding type registration integer -&gt; org.hibernate.type.IntegerType@336b6f9f
2021-09-22 22:53:22.109 DEBUG 76776 --- [    Test worker] org.hibernate.type.BasicTypeRegistry     : Adding type registration int -&gt; org.hibernate.type.IntegerType@336b6f9f
2021-09-22 22:53:22.109 DEBUG 76776 --- [    Test worker] org.hibernate.type.BasicTypeRegistry     : Adding type registration java.lang.Integer -&gt; org.hibernate.type.IntegerType@336b6f9f
2021-09-22 22:53:22.111 DEBUG 76776 --- [    Test worker] org.hibernate.type.BasicTypeRegistry     : Adding type registration long -&gt; org.hibernate.type.LongType@3cca02b7
2021-09-22 22:53:22.111 DEBUG 76776 --- [    Test worker] org.hibernate.type.BasicTypeRegistry     : Adding type registration long -&gt; org.hibernate.type.LongType@3cca02b7
2021-09-22 22:53:22.111 DEBUG 76776 --- [    Test worker] org.hibernate.type.BasicTypeRegistry     : Adding type registration java.lang.Long -&gt; org.hibernate.type.LongType@3cca02b7
2021-09-22 22:53:22.114 DEBUG 76776 --- [    Test worker] org.hibernate.type.BasicTypeRegistry     : Adding type registration float -&gt; org.hibernate.type.FloatType@7bc7e0ee
2021-09-22 22:53:22.114 DEBUG 76776 --- [    Test worker] org.hibernate.type.BasicTypeRegistry     : Adding type registration float -&gt; org.hibernate.type.FloatType@7bc7e0ee
2021-09-22 22:53:22.115 DEBUG 76776 --- [    Test worker] org.hibernate.type.BasicTypeRegistry     : Adding type registration java.lang.Float -&gt; org.hibernate.type.FloatType@7bc7e0ee
2021-09-22 22:53:22.117 DEBUG 76776 --- [    Test worker] org.hibernate.type.BasicTypeRegistry     : Adding type registration double -&gt; org.hibernate.type.DoubleType@2b456bfd
2021-09-22 22:53:22.117 DEBUG 76776 --- [    Test worker] org.hibernate.type.BasicTypeRegistry     : Adding type registration double -&gt; org.hibernate.type.DoubleType@2b456bfd
2021-09-22 22:53:22.118 DEBUG 76776 --- [    Test worker] org.hibernate.type.BasicTypeRegistry     : Adding type registration java.lang.Double -&gt; org.hibernate.type.DoubleType@2b456bfd
2021-09-22 22:53:22.121 DEBUG 76776 --- [    Test worker] org.hibernate.type.BasicTypeRegistry     : Adding type registration big_decimal -&gt; org.hibernate.type.BigDecimalType@e39beff
2021-09-22 22:53:22.121 DEBUG 76776 --- [    Test worker] org.hibernate.type.BasicTypeRegistry     : Adding type registration java.math.BigDecimal -&gt; org.hibernate.type.BigDecimalType@e39beff
2021-09-22 22:53:22.123 DEBUG 76776 --- [    Test worker] org.hibernate.type.BasicTypeRegistry     : Adding type registration big_integer -&gt; org.hibernate.type.BigIntegerType@af8b157
2021-09-22 22:53:22.124 DEBUG 76776 --- [    Test worker] org.hibernate.type.BasicTypeRegistry     : Adding type registration java.math.BigInteger -&gt; org.hibernate.type.BigIntegerType@af8b157
2021-09-22 22:53:22.126 DEBUG 76776 --- [    Test worker] org.hibernate.type.BasicTypeRegistry     : Adding type registration string -&gt; org.hibernate.type.StringType@49ca0d2f
2021-09-22 22:53:22.127 DEBUG 76776 --- [    Test worker] org.hibernate.type.BasicTypeRegistry     : Adding type registration java.lang.String -&gt; org.hibernate.type.StringType@49ca0d2f
2021-09-22 22:53:22.128 DEBUG 76776 --- [    Test worker] org.hibernate.type.BasicTypeRegistry     : Adding type registration nstring -&gt; org.hibernate.type.StringNVarcharType@3213a89b
2021-09-22 22:53:22.129 DEBUG 76776 --- [    Test worker] org.hibernate.type.BasicTypeRegistry     : Adding type registration ncharacter -&gt; org.hibernate.type.CharacterNCharType@7535398a
2021-09-22 22:53:22.130 DEBUG 76776 --- [    Test worker] org.hibernate.type.BasicTypeRegistry     : Adding type registration url -&gt; org.hibernate.type.UrlType@91b58e9
2021-09-22 22:53:22.131 DEBUG 76776 --- [    Test worker] org.hibernate.type.BasicTypeRegistry     : Adding type registration java.net.URL -&gt; org.hibernate.type.UrlType@91b58e9
2021-09-22 22:53:22.133 DEBUG 76776 --- [    Test worker] org.hibernate.type.BasicTypeRegistry     : Adding type registration Duration -&gt; org.hibernate.type.DurationType@18852b2b
2021-09-22 22:53:22.134 DEBUG 76776 --- [    Test worker] org.hibernate.type.BasicTypeRegistry     : Adding type registration java.time.Duration -&gt; org.hibernate.type.DurationType@18852b2b
2021-09-22 22:53:22.140 DEBUG 76776 --- [    Test worker] org.hibernate.type.BasicTypeRegistry     : Adding type registration Instant -&gt; org.hibernate.type.InstantType@3621f782
2021-09-22 22:53:22.141 DEBUG 76776 --- [    Test worker] org.hibernate.type.BasicTypeRegistry     : Adding type registration java.time.Instant -&gt; org.hibernate.type.InstantType@3621f782
2021-09-22 22:53:22.142 DEBUG 76776 --- [    Test worker] org.hibernate.type.BasicTypeRegistry     : Adding type registration LocalDateTime -&gt; org.hibernate.type.LocalDateTimeType@e96f6cb
2021-09-22 22:53:22.143 DEBUG 76776 --- [    Test worker] org.hibernate.type.BasicTypeRegistry     : Adding type registration java.time.LocalDateTime -&gt; org.hibernate.type.LocalDateTimeType@e96f6cb
2021-09-22 22:53:22.144 DEBUG 76776 --- [    Test worker] org.hibernate.type.BasicTypeRegistry     : Adding type registration LocalDate -&gt; org.hibernate.type.LocalDateType@76bbbe12
2021-09-22 22:53:22.145 DEBUG 76776 --- [    Test worker] org.hibernate.type.BasicTypeRegistry     : Adding type registration java.time.LocalDate -&gt; org.hibernate.type.LocalDateType@76bbbe12
2021-09-22 22:53:22.146 DEBUG 76776 --- [    Test worker] org.hibernate.type.BasicTypeRegistry     : Adding type registration LocalTime -&gt; org.hibernate.type.LocalTimeType@53a0fe88
2021-09-22 22:53:22.147 DEBUG 76776 --- [    Test worker] org.hibernate.type.BasicTypeRegistry     : Adding type registration java.time.LocalTime -&gt; org.hibernate.type.LocalTimeType@53a0fe88
2021-09-22 22:53:22.149 DEBUG 76776 --- [    Test worker] org.hibernate.type.BasicTypeRegistry     : Adding type registration OffsetDateTime -&gt; org.hibernate.type.OffsetDateTimeType@758ab532
2021-09-22 22:53:22.151 DEBUG 76776 --- [    Test worker] org.hibernate.type.BasicTypeRegistry     : Adding type registration java.time.OffsetDateTime -&gt; org.hibernate.type.OffsetDateTimeType@758ab532
2021-09-22 22:53:22.154 DEBUG 76776 --- [    Test worker] org.hibernate.type.BasicTypeRegistry     : Adding type registration OffsetTime -&gt; org.hibernate.type.OffsetTimeType@30475d69
2021-09-22 22:53:22.154 DEBUG 76776 --- [    Test worker] org.hibernate.type.BasicTypeRegistry     : Adding type registration java.time.OffsetTime -&gt; org.hibernate.type.OffsetTimeType@30475d69
2021-09-22 22:53:22.157 DEBUG 76776 --- [    Test worker] org.hibernate.type.BasicTypeRegistry     : Adding type registration ZonedDateTime -&gt; org.hibernate.type.ZonedDateTimeType@19857db8
2021-09-22 22:53:22.157 DEBUG 76776 --- [    Test worker] org.hibernate.type.BasicTypeRegistry     : Adding type registration java.time.ZonedDateTime -&gt; org.hibernate.type.ZonedDateTimeType@19857db8
2021-09-22 22:53:22.159 DEBUG 76776 --- [    Test worker] org.hibernate.type.BasicTypeRegistry     : Adding type registration date -&gt; org.hibernate.type.DateType@53c85046
2021-09-22 22:53:22.160 DEBUG 76776 --- [    Test worker] org.hibernate.type.BasicTypeRegistry     : Adding type registration java.sql.Date -&gt; org.hibernate.type.DateType@53c85046
2021-09-22 22:53:22.162 DEBUG 76776 --- [    Test worker] org.hibernate.type.BasicTypeRegistry     : Adding type registration time -&gt; org.hibernate.type.TimeType@4a870005
2021-09-22 22:53:22.163 DEBUG 76776 --- [    Test worker] org.hibernate.type.BasicTypeRegistry     : Adding type registration java.sql.Time -&gt; org.hibernate.type.TimeType@4a870005
2021-09-22 22:53:22.180 DEBUG 76776 --- [    Test worker] org.hibernate.type.BasicTypeRegistry     : Adding type registration timestamp -&gt; org.hibernate.type.TimestampType@7278fece
2021-09-22 22:53:22.180 DEBUG 76776 --- [    Test worker] org.hibernate.type.BasicTypeRegistry     : Adding type registration java.sql.Timestamp -&gt; org.hibernate.type.TimestampType@7278fece
2021-09-22 22:53:22.180 DEBUG 76776 --- [    Test worker] org.hibernate.type.BasicTypeRegistry     : Adding type registration java.util.Date -&gt; org.hibernate.type.TimestampType@7278fece
2021-09-22 22:53:22.183 DEBUG 76776 --- [    Test worker] org.hibernate.type.BasicTypeRegistry     : Adding type registration dbtimestamp -&gt; org.hibernate.type.DbTimestampType@285ed4ac
2021-09-22 22:53:22.198 DEBUG 76776 --- [    Test worker] org.hibernate.type.BasicTypeRegistry     : Adding type registration calendar -&gt; org.hibernate.type.CalendarType@122dcc11
2021-09-22 22:53:22.198 DEBUG 76776 --- [    Test worker] org.hibernate.type.BasicTypeRegistry     : Adding type registration java.util.Calendar -&gt; org.hibernate.type.CalendarType@122dcc11
2021-09-22 22:53:22.198 DEBUG 76776 --- [    Test worker] org.hibernate.type.BasicTypeRegistry     : Adding type registration java.util.GregorianCalendar -&gt; org.hibernate.type.CalendarType@122dcc11
2021-09-22 22:53:22.201 DEBUG 76776 --- [    Test worker] org.hibernate.type.BasicTypeRegistry     : Adding type registration calendar_date -&gt; org.hibernate.type.CalendarDateType@358b3d7
2021-09-22 22:53:22.207 DEBUG 76776 --- [    Test worker] org.hibernate.type.BasicTypeRegistry     : Adding type registration calendar_time -&gt; org.hibernate.type.CalendarTimeType@56d3310a
2021-09-22 22:53:22.213 DEBUG 76776 --- [    Test worker] org.hibernate.type.BasicTypeRegistry     : Adding type registration locale -&gt; org.hibernate.type.LocaleType@62a0806b
2021-09-22 22:53:22.216 DEBUG 76776 --- [    Test worker] org.hibernate.type.BasicTypeRegistry     : Adding type registration java.util.Locale -&gt; org.hibernate.type.LocaleType@62a0806b
2021-09-22 22:53:22.221 DEBUG 76776 --- [    Test worker] org.hibernate.type.BasicTypeRegistry     : Adding type registration currency -&gt; org.hibernate.type.CurrencyType@58060e4d
2021-09-22 22:53:22.222 DEBUG 76776 --- [    Test worker] org.hibernate.type.BasicTypeRegistry     : Adding type registration java.util.Currency -&gt; org.hibernate.type.CurrencyType@58060e4d
2021-09-22 22:53:22.225 DEBUG 76776 --- [    Test worker] org.hibernate.type.BasicTypeRegistry     : Adding type registration timezone -&gt; org.hibernate.type.TimeZoneType@38ddb195
2021-09-22 22:53:22.225 DEBUG 76776 --- [    Test worker] org.hibernate.type.BasicTypeRegistry     : Adding type registration java.util.TimeZone -&gt; org.hibernate.type.TimeZoneType@38ddb195
2021-09-22 22:53:22.228 DEBUG 76776 --- [    Test worker] org.hibernate.type.BasicTypeRegistry     : Adding type registration class -&gt; org.hibernate.type.ClassType@6e5400a4
2021-09-22 22:53:22.232 DEBUG 76776 --- [    Test worker] org.hibernate.type.BasicTypeRegistry     : Adding type registration java.lang.Class -&gt; org.hibernate.type.ClassType@6e5400a4
2021-09-22 22:53:22.240 DEBUG 76776 --- [    Test worker] org.hibernate.type.BasicTypeRegistry     : Adding type registration uuid-binary -&gt; org.hibernate.type.UUIDBinaryType@43cd0867
2021-09-22 22:53:22.243 DEBUG 76776 --- [    Test worker] org.hibernate.type.BasicTypeRegistry     : Adding type registration java.util.UUID -&gt; org.hibernate.type.UUIDBinaryType@43cd0867
2021-09-22 22:53:22.244 DEBUG 76776 --- [    Test worker] org.hibernate.type.BasicTypeRegistry     : Adding type registration uuid-char -&gt; org.hibernate.type.UUIDCharType@7ae641c
2021-09-22 22:53:22.246 DEBUG 76776 --- [    Test worker] org.hibernate.type.BasicTypeRegistry     : Adding type registration binary -&gt; org.hibernate.type.BinaryType@19bf509a
2021-09-22 22:53:22.247 DEBUG 76776 --- [    Test worker] org.hibernate.type.BasicTypeRegistry     : Adding type registration byte[] -&gt; org.hibernate.type.BinaryType@19bf509a
2021-09-22 22:53:22.247 DEBUG 76776 --- [    Test worker] org.hibernate.type.BasicTypeRegistry     : Adding type registration [B -&gt; org.hibernate.type.BinaryType@19bf509a
2021-09-22 22:53:22.252 DEBUG 76776 --- [    Test worker] org.hibernate.type.BasicTypeRegistry     : Adding type registration wrapper-binary -&gt; org.hibernate.type.WrapperBinaryType@4978a8c
2021-09-22 22:53:22.253 DEBUG 76776 --- [    Test worker] org.hibernate.type.BasicTypeRegistry     : Adding type registration Byte[] -&gt; org.hibernate.type.WrapperBinaryType@4978a8c
2021-09-22 22:53:22.255 DEBUG 76776 --- [    Test worker] org.hibernate.type.BasicTypeRegistry     : Adding type registration [Ljava.lang.Byte; -&gt; org.hibernate.type.WrapperBinaryType@4978a8c
2021-09-22 22:53:22.257 DEBUG 76776 --- [    Test worker] org.hibernate.type.BasicTypeRegistry     : Adding type registration row_version -&gt; org.hibernate.type.RowVersionType@7e884c78
2021-09-22 22:53:22.258 DEBUG 76776 --- [    Test worker] org.hibernate.type.BasicTypeRegistry     : Adding type registration image -&gt; org.hibernate.type.ImageType@70e1cebb
2021-09-22 22:53:22.260 DEBUG 76776 --- [    Test worker] org.hibernate.type.BasicTypeRegistry     : Adding type registration characters -&gt; org.hibernate.type.CharArrayType@3d9956f1
2021-09-22 22:53:22.261 DEBUG 76776 --- [    Test worker] org.hibernate.type.BasicTypeRegistry     : Adding type registration char[] -&gt; org.hibernate.type.CharArrayType@3d9956f1
2021-09-22 22:53:22.262 DEBUG 76776 --- [    Test worker] org.hibernate.type.BasicTypeRegistry     : Adding type registration [C -&gt; org.hibernate.type.CharArrayType@3d9956f1
2021-09-22 22:53:22.268 DEBUG 76776 --- [    Test worker] org.hibernate.type.BasicTypeRegistry     : Adding type registration wrapper-characters -&gt; org.hibernate.type.CharacterArrayType@761d22d8
2021-09-22 22:53:22.268 DEBUG 76776 --- [    Test worker] org.hibernate.type.BasicTypeRegistry     : Adding type registration [Ljava.lang.Character; -&gt; org.hibernate.type.CharacterArrayType@761d22d8
2021-09-22 22:53:22.272 DEBUG 76776 --- [    Test worker] org.hibernate.type.BasicTypeRegistry     : Adding type registration Character[] -&gt; org.hibernate.type.CharacterArrayType@761d22d8
2021-09-22 22:53:22.273 DEBUG 76776 --- [    Test worker] org.hibernate.type.BasicTypeRegistry     : Adding type registration text -&gt; org.hibernate.type.TextType@233390f3
2021-09-22 22:53:22.275 DEBUG 76776 --- [    Test worker] org.hibernate.type.BasicTypeRegistry     : Adding type registration ntext -&gt; org.hibernate.type.NTextType@21fc09e8
2021-09-22 22:53:22.277 DEBUG 76776 --- [    Test worker] org.hibernate.type.BasicTypeRegistry     : Adding type registration blob -&gt; org.hibernate.type.BlobType@341ae898
2021-09-22 22:53:22.277 DEBUG 76776 --- [    Test worker] org.hibernate.type.BasicTypeRegistry     : Adding type registration java.sql.Blob -&gt; org.hibernate.type.BlobType@341ae898
2021-09-22 22:53:22.280 DEBUG 76776 --- [    Test worker] org.hibernate.type.BasicTypeRegistry     : Adding type registration materialized_blob -&gt; org.hibernate.type.MaterializedBlobType@371472f0
2021-09-22 22:53:22.289 DEBUG 76776 --- [    Test worker] org.hibernate.type.BasicTypeRegistry     : Adding type registration clob -&gt; org.hibernate.type.ClobType@34a9c806
2021-09-22 22:53:22.290 DEBUG 76776 --- [    Test worker] org.hibernate.type.BasicTypeRegistry     : Adding type registration java.sql.Clob -&gt; org.hibernate.type.ClobType@34a9c806
2021-09-22 22:53:22.295 DEBUG 76776 --- [    Test worker] org.hibernate.type.BasicTypeRegistry     : Adding type registration nclob -&gt; org.hibernate.type.NClobType@592b072a
2021-09-22 22:53:22.297 DEBUG 76776 --- [    Test worker] org.hibernate.type.BasicTypeRegistry     : Adding type registration java.sql.NClob -&gt; org.hibernate.type.NClobType@592b072a
2021-09-22 22:53:22.298 DEBUG 76776 --- [    Test worker] org.hibernate.type.BasicTypeRegistry     : Adding type registration materialized_clob -&gt; org.hibernate.type.MaterializedClobType@6c64d79f
2021-09-22 22:53:22.301 DEBUG 76776 --- [    Test worker] org.hibernate.type.BasicTypeRegistry     : Adding type registration materialized_nclob -&gt; org.hibernate.type.MaterializedNClobType@29ddbea8
2021-09-22 22:53:22.305 DEBUG 76776 --- [    Test worker] org.hibernate.type.BasicTypeRegistry     : Adding type registration serializable -&gt; org.hibernate.type.SerializableType@e14dc05
2021-09-22 22:53:22.314 DEBUG 76776 --- [    Test worker] org.hibernate.type.BasicTypeRegistry     : Adding type registration object -&gt; org.hibernate.type.ObjectType@79ae1f70
2021-09-22 22:53:22.314 DEBUG 76776 --- [    Test worker] org.hibernate.type.BasicTypeRegistry     : Adding type registration java.lang.Object -&gt; org.hibernate.type.ObjectType@79ae1f70
2021-09-22 22:53:22.315 DEBUG 76776 --- [    Test worker] org.hibernate.type.BasicTypeRegistry     : Adding type registration imm_date -&gt; org.hibernate.type.AdaptedImmutableType@2d4f0d93
2021-09-22 22:53:22.316 DEBUG 76776 --- [    Test worker] org.hibernate.type.BasicTypeRegistry     : Adding type registration imm_time -&gt; org.hibernate.type.AdaptedImmutableType@21c8985d
2021-09-22 22:53:22.316 DEBUG 76776 --- [    Test worker] org.hibernate.type.BasicTypeRegistry     : Adding type registration imm_timestamp -&gt; org.hibernate.type.AdaptedImmutableType@3442a2
2021-09-22 22:53:22.316 DEBUG 76776 --- [    Test worker] org.hibernate.type.BasicTypeRegistry     : Adding type registration imm_dbtimestamp -&gt; org.hibernate.type.AdaptedImmutableType@3a026df9
2021-09-22 22:53:22.317 DEBUG 76776 --- [    Test worker] org.hibernate.type.BasicTypeRegistry     : Adding type registration imm_calendar -&gt; org.hibernate.type.AdaptedImmutableType@6ff4dcbf
2021-09-22 22:53:22.317 DEBUG 76776 --- [    Test worker] org.hibernate.type.BasicTypeRegistry     : Adding type registration imm_calendar_date -&gt; org.hibernate.type.AdaptedImmutableType@a1bbb6c
2021-09-22 22:53:22.320 DEBUG 76776 --- [    Test worker] org.hibernate.type.BasicTypeRegistry     : Adding type registration imm_binary -&gt; org.hibernate.type.AdaptedImmutableType@2818c9df
2021-09-22 22:53:22.321 DEBUG 76776 --- [    Test worker] org.hibernate.type.BasicTypeRegistry     : Adding type registration imm_serializable -&gt; org.hibernate.type.AdaptedImmutableType@15c0480
2021-09-22 22:53:22.432  INFO 76776 --- [    Test worker] com.zaxxer.hikari.HikariDataSource       : HikariPool-1 - Starting...
2021-09-22 22:53:22.617  INFO 76776 --- [    Test worker] com.zaxxer.hikari.HikariDataSource       : HikariPool-1 - Start completed.
2021-09-22 22:53:22.708  INFO 76776 --- [    Test worker] org.hibernate.dialect.Dialect            : HHH000400: Using dialect: org.hibernate.dialect.H2Dialect
2021-09-22 22:53:22.889 DEBUG 76776 --- [    Test worker] o.h.type.spi.TypeConfiguration$Scope     : Scoping TypeConfiguration [org.hibernate.type.spi.TypeConfiguration@5c77f5be] to MetadataBuildingContext [org.hibernate.boot.internal.MetadataBuildingContextRootImpl@1736e458]
2021-09-22 22:53:23.511 DEBUG 76776 --- [    Test worker] org.hibernate.type.EnumType              : Using NAMED-based conversion for Enum jpabook.jpashop.domain.DeliveryStatus
2021-09-22 22:53:23.514 DEBUG 76776 --- [    Test worker] org.hibernate.type.EnumType              : Using NAMED-based conversion for Enum jpabook.jpashop.domain.OrderStatus
2021-09-22 22:53:23.514 DEBUG 76776 --- [    Test worker] o.h.type.spi.TypeConfiguration$Scope     : Scoping TypeConfiguration [org.hibernate.type.spi.TypeConfiguration@5c77f5be] to SessionFactoryImpl [org.hibernate.internal.SessionFactoryImpl@164da767]
2021-09-22 22:53:24.359 DEBUG 76776 --- [    Test worker] org.hibernate.SQL                        : 
    
    drop table if exists category CASCADE 
2021-09-22 22:53:24.365  INFO 76776 --- [    Test worker] p6spy                                    : #1632318804365 | took 3ms | statement | connection 1| url jdbc:h2:tcp://localhost/~/jpashop

    drop table if exists category CASCADE 

    drop table if exists category CASCADE ;
2021-09-22 22:53:24.365 DEBUG 76776 --- [    Test worker] org.hibernate.SQL                        : 
    
    drop table if exists category_item CASCADE 
2021-09-22 22:53:24.368  INFO 76776 --- [    Test worker] p6spy                                    : #1632318804368 | took 1ms | statement | connection 1| url jdbc:h2:tcp://localhost/~/jpashop

    drop table if exists category_item CASCADE 

    drop table if exists category_item CASCADE ;
2021-09-22 22:53:24.368 DEBUG 76776 --- [    Test worker] org.hibernate.SQL                        : 
    
    drop table if exists delivery CASCADE 
2021-09-22 22:53:24.369  INFO 76776 --- [    Test worker] p6spy                                    : #1632318804369 | took 1ms | statement | connection 1| url jdbc:h2:tcp://localhost/~/jpashop

    drop table if exists delivery CASCADE 

    drop table if exists delivery CASCADE ;
2021-09-22 22:53:24.370 DEBUG 76776 --- [    Test worker] org.hibernate.SQL                        : 
    
    drop table if exists item CASCADE 
2021-09-22 22:53:24.372  INFO 76776 --- [    Test worker] p6spy                                    : #1632318804372 | took 1ms | statement | connection 1| url jdbc:h2:tcp://localhost/~/jpashop

    drop table if exists item CASCADE 

    drop table if exists item CASCADE ;
2021-09-22 22:53:24.372 DEBUG 76776 --- [    Test worker] org.hibernate.SQL                        : 
    
    drop table if exists member CASCADE 
2021-09-22 22:53:24.374  INFO 76776 --- [    Test worker] p6spy                                    : #1632318804374 | took 1ms | statement | connection 1| url jdbc:h2:tcp://localhost/~/jpashop

    drop table if exists member CASCADE 

    drop table if exists member CASCADE ;
2021-09-22 22:53:24.374 DEBUG 76776 --- [    Test worker] org.hibernate.SQL                        : 
    
    drop table if exists order_item CASCADE 
2021-09-22 22:53:24.375  INFO 76776 --- [    Test worker] p6spy                                    : #1632318804375 | took 0ms | statement | connection 1| url jdbc:h2:tcp://localhost/~/jpashop

    drop table if exists order_item CASCADE 

    drop table if exists order_item CASCADE ;
2021-09-22 22:53:24.375 DEBUG 76776 --- [    Test worker] org.hibernate.SQL                        : 
    
    drop table if exists orders CASCADE 
2021-09-22 22:53:24.377  INFO 76776 --- [    Test worker] p6spy                                    : #1632318804377 | took 1ms | statement | connection 1| url jdbc:h2:tcp://localhost/~/jpashop

    drop table if exists orders CASCADE 

    drop table if exists orders CASCADE ;
2021-09-22 22:53:24.377 DEBUG 76776 --- [    Test worker] org.hibernate.SQL                        : 
    
    drop sequence if exists hibernate_sequence
2021-09-22 22:53:24.378  INFO 76776 --- [    Test worker] p6spy                                    : #1632318804378 | took 0ms | statement | connection 1| url jdbc:h2:tcp://localhost/~/jpashop

    drop sequence if exists hibernate_sequence

    drop sequence if exists hibernate_sequence;
2021-09-22 22:53:24.384 DEBUG 76776 --- [    Test worker] org.hibernate.SQL                        : create sequence hibernate_sequence start with 1 increment by 1
2021-09-22 22:53:24.385  INFO 76776 --- [    Test worker] p6spy                                    : #1632318804385 | took 0ms | statement | connection 2| url jdbc:h2:tcp://localhost/~/jpashop
create sequence hibernate_sequence start with 1 increment by 1
create sequence hibernate_sequence start with 1 increment by 1;
2021-09-22 22:53:24.386 DEBUG 76776 --- [    Test worker] org.hibernate.SQL                        : 
    
    create table category (
       category_id bigint not null,
        name varchar(255),
        parent_id bigint,
        primary key (category_id)
    )
2021-09-22 22:53:24.388  INFO 76776 --- [    Test worker] p6spy                                    : #1632318804388 | took 1ms | statement | connection 2| url jdbc:h2:tcp://localhost/~/jpashop

    create table category (
       category_id bigint not null,
        name varchar(255),
        parent_id bigint,
        primary key (category_id)
    )

    create table category (
       category_id bigint not null,
        name varchar(255),
        parent_id bigint,
        primary key (category_id)
    );
2021-09-22 22:53:24.388 DEBUG 76776 --- [    Test worker] org.hibernate.SQL                        : 
    
    create table category_item (
       category_id bigint not null,
        item_id bigint not null
    )
2021-09-22 22:53:24.389  INFO 76776 --- [    Test worker] p6spy                                    : #1632318804389 | took 0ms | statement | connection 2| url jdbc:h2:tcp://localhost/~/jpashop

    create table category_item (
       category_id bigint not null,
        item_id bigint not null
    )

    create table category_item (
       category_id bigint not null,
        item_id bigint not null
    );
2021-09-22 22:53:24.390 DEBUG 76776 --- [    Test worker] org.hibernate.SQL                        : 
    
    create table delivery (
       delivery_id bigint not null,
        city varchar(255),
        street varchar(255),
        zipcode varchar(255),
        status varchar(255),
        primary key (delivery_id)
    )
2021-09-22 22:53:24.392  INFO 76776 --- [    Test worker] p6spy                                    : #1632318804392 | took 0ms | statement | connection 2| url jdbc:h2:tcp://localhost/~/jpashop

    create table delivery (
       delivery_id bigint not null,
        city varchar(255),
        street varchar(255),
        zipcode varchar(255),
        status varchar(255),
        primary key (delivery_id)
    )

    create table delivery (
       delivery_id bigint not null,
        city varchar(255),
        street varchar(255),
        zipcode varchar(255),
        status varchar(255),
        primary key (delivery_id)
    );
2021-09-22 22:53:24.393 DEBUG 76776 --- [    Test worker] org.hibernate.SQL                        : 
    
    create table item (
       dtype varchar(31) not null,
        item_id bigint not null,
        name varchar(255),
        price integer not null,
        stock_quantity integer not null,
        artist varchar(255),
        etc varchar(255),
        author varchar(255),
        isbn varchar(255),
        actor varchar(255),
        director varchar(255),
        primary key (item_id)
    )
2021-09-22 22:53:24.395  INFO 76776 --- [    Test worker] p6spy                                    : #1632318804395 | took 1ms | statement | connection 2| url jdbc:h2:tcp://localhost/~/jpashop

    create table item (
       dtype varchar(31) not null,
        item_id bigint not null,
        name varchar(255),
        price integer not null,
        stock_quantity integer not null,
        artist varchar(255),
        etc varchar(255),
        author varchar(255),
        isbn varchar(255),
        actor varchar(255),
        director varchar(255),
        primary key (item_id)
    )

    create table item (
       dtype varchar(31) not null,
        item_id bigint not null,
        name varchar(255),
        price integer not null,
        stock_quantity integer not null,
        artist varchar(255),
        etc varchar(255),
        author varchar(255),
        isbn varchar(255),
        actor varchar(255),
        director varchar(255),
        primary key (item_id)
    );
2021-09-22 22:53:24.396 DEBUG 76776 --- [    Test worker] org.hibernate.SQL                        : 
    
    create table member (
       member_id bigint not null,
        city varchar(255),
        street varchar(255),
        zipcode varchar(255),
        name varchar(255),
        primary key (member_id)
    )
2021-09-22 22:53:24.398  INFO 76776 --- [    Test worker] p6spy                                    : #1632318804398 | took 1ms | statement | connection 2| url jdbc:h2:tcp://localhost/~/jpashop

    create table member (
       member_id bigint not null,
        city varchar(255),
        street varchar(255),
        zipcode varchar(255),
        name varchar(255),
        primary key (member_id)
    )

    create table member (
       member_id bigint not null,
        city varchar(255),
        street varchar(255),
        zipcode varchar(255),
        name varchar(255),
        primary key (member_id)
    );
2021-09-22 22:53:24.399 DEBUG 76776 --- [    Test worker] org.hibernate.SQL                        : 
    
    create table order_item (
       order_item_id bigint not null,
        count integer not null,
        order_price integer not null,
        item_id bigint,
        order_id bigint,
        primary key (order_item_id)
    )
2021-09-22 22:53:24.402  INFO 76776 --- [    Test worker] p6spy                                    : #1632318804402 | took 2ms | statement | connection 2| url jdbc:h2:tcp://localhost/~/jpashop

    create table order_item (
       order_item_id bigint not null,
        count integer not null,
        order_price integer not null,
        item_id bigint,
        order_id bigint,
        primary key (order_item_id)
    )

    create table order_item (
       order_item_id bigint not null,
        count integer not null,
        order_price integer not null,
        item_id bigint,
        order_id bigint,
        primary key (order_item_id)
    );
2021-09-22 22:53:24.403 DEBUG 76776 --- [    Test worker] org.hibernate.SQL                        : 
    
    create table orders (
       order_id bigint not null,
        order_date timestamp,
        status varchar(255),
        delivery_id bigint,
        member_id bigint,
        primary key (order_id)
    )
2021-09-22 22:53:24.404  INFO 76776 --- [    Test worker] p6spy                                    : #1632318804404 | took 0ms | statement | connection 2| url jdbc:h2:tcp://localhost/~/jpashop

    create table orders (
       order_id bigint not null,
        order_date timestamp,
        status varchar(255),
        delivery_id bigint,
        member_id bigint,
        primary key (order_id)
    )

    create table orders (
       order_id bigint not null,
        order_date timestamp,
        status varchar(255),
        delivery_id bigint,
        member_id bigint,
        primary key (order_id)
    );
2021-09-22 22:53:24.405 DEBUG 76776 --- [    Test worker] org.hibernate.SQL                        : 
    
    alter table category 
       add constraint FK2y94svpmqttx80mshyny85wqr 
       foreign key (parent_id) 
       references category
2021-09-22 22:53:24.411  INFO 76776 --- [    Test worker] p6spy                                    : #1632318804411 | took 5ms | statement | connection 2| url jdbc:h2:tcp://localhost/~/jpashop

    alter table category 
       add constraint FK2y94svpmqttx80mshyny85wqr 
       foreign key (parent_id) 
       references category

    alter table category 
       add constraint FK2y94svpmqttx80mshyny85wqr 
       foreign key (parent_id) 
       references category;
2021-09-22 22:53:24.411 DEBUG 76776 --- [    Test worker] org.hibernate.SQL                        : 
    
    alter table category_item 
       add constraint FKu8b4lwqutcdq3363gf6mlujq 
       foreign key (item_id) 
       references item
2021-09-22 22:53:24.415  INFO 76776 --- [    Test worker] p6spy                                    : #1632318804415 | took 3ms | statement | connection 2| url jdbc:h2:tcp://localhost/~/jpashop

    alter table category_item 
       add constraint FKu8b4lwqutcdq3363gf6mlujq 
       foreign key (item_id) 
       references item

    alter table category_item 
       add constraint FKu8b4lwqutcdq3363gf6mlujq 
       foreign key (item_id) 
       references item;
2021-09-22 22:53:24.415 DEBUG 76776 --- [    Test worker] org.hibernate.SQL                        : 
    
    alter table category_item 
       add constraint FKcq2n0opf5shyh84ex1fhukcbh 
       foreign key (category_id) 
       references category
2021-09-22 22:53:24.418  INFO 76776 --- [    Test worker] p6spy                                    : #1632318804418 | took 2ms | statement | connection 2| url jdbc:h2:tcp://localhost/~/jpashop

    alter table category_item 
       add constraint FKcq2n0opf5shyh84ex1fhukcbh 
       foreign key (category_id) 
       references category

    alter table category_item 
       add constraint FKcq2n0opf5shyh84ex1fhukcbh 
       foreign key (category_id) 
       references category;
2021-09-22 22:53:24.419 DEBUG 76776 --- [    Test worker] org.hibernate.SQL                        : 
    
    alter table order_item 
       add constraint FKija6hjjiit8dprnmvtvgdp6ru 
       foreign key (item_id) 
       references item
2021-09-22 22:53:24.421  INFO 76776 --- [    Test worker] p6spy                                    : #1632318804421 | took 2ms | statement | connection 2| url jdbc:h2:tcp://localhost/~/jpashop

    alter table order_item 
       add constraint FKija6hjjiit8dprnmvtvgdp6ru 
       foreign key (item_id) 
       references item

    alter table order_item 
       add constraint FKija6hjjiit8dprnmvtvgdp6ru 
       foreign key (item_id) 
       references item;
2021-09-22 22:53:24.422 DEBUG 76776 --- [    Test worker] org.hibernate.SQL                        : 
    
    alter table order_item 
       add constraint FKt4dc2r9nbvbujrljv3e23iibt 
       foreign key (order_id) 
       references orders
2021-09-22 22:53:24.425  INFO 76776 --- [    Test worker] p6spy                                    : #1632318804425 | took 3ms | statement | connection 2| url jdbc:h2:tcp://localhost/~/jpashop

    alter table order_item 
       add constraint FKt4dc2r9nbvbujrljv3e23iibt 
       foreign key (order_id) 
       references orders

    alter table order_item 
       add constraint FKt4dc2r9nbvbujrljv3e23iibt 
       foreign key (order_id) 
       references orders;
2021-09-22 22:53:24.427 DEBUG 76776 --- [    Test worker] org.hibernate.SQL                        : 
    
    alter table orders 
       add constraint FKtkrur7wg4d8ax0pwgo0vmy20c 
       foreign key (delivery_id) 
       references delivery
2021-09-22 22:53:24.442  INFO 76776 --- [    Test worker] p6spy                                    : #1632318804442 | took 15ms | statement | connection 2| url jdbc:h2:tcp://localhost/~/jpashop

    alter table orders 
       add constraint FKtkrur7wg4d8ax0pwgo0vmy20c 
       foreign key (delivery_id) 
       references delivery

    alter table orders 
       add constraint FKtkrur7wg4d8ax0pwgo0vmy20c 
       foreign key (delivery_id) 
       references delivery;
2021-09-22 22:53:24.451 DEBUG 76776 --- [    Test worker] org.hibernate.SQL                        : 
    
    alter table orders 
       add constraint FKpktxwhj3x9m4gth5ff6bkqgeb 
       foreign key (member_id) 
       references member
2021-09-22 22:53:24.467  INFO 76776 --- [    Test worker] p6spy                                    : #1632318804467 | took 15ms | statement | connection 2| url jdbc:h2:tcp://localhost/~/jpashop

    alter table orders 
       add constraint FKpktxwhj3x9m4gth5ff6bkqgeb 
       foreign key (member_id) 
       references member

    alter table orders 
       add constraint FKpktxwhj3x9m4gth5ff6bkqgeb 
       foreign key (member_id) 
       references member;
2021-09-22 22:53:24.473  INFO 76776 --- [    Test worker] o.h.e.t.j.p.i.JtaPlatformInitiator       : HHH000490: Using JtaPlatform implementation: [org.hibernate.engine.transaction.jta.platform.internal.NoJtaPlatform]
2021-09-22 22:53:24.495 TRACE 76776 --- [    Test worker] o.h.type.spi.TypeConfiguration$Scope     : Handling #sessionFactoryCreated from [org.hibernate.internal.SessionFactoryImpl@164da767] for TypeConfiguration
2021-09-22 22:53:24.499  INFO 76776 --- [    Test worker] j.LocalContainerEntityManagerFactoryBean : Initialized JPA EntityManagerFactory for persistence unit 'default'
2021-09-22 22:53:25.340  WARN 76776 --- [    Test worker] JpaBaseConfiguration$JpaWebConfiguration : spring.jpa.open-in-view is enabled by default. Therefore, database queries may be performed during view rendering. Explicitly configure spring.jpa.open-in-view to disable this warning
2021-09-22 22:53:25.956  INFO 76776 --- [    Test worker] o.s.b.a.w.s.WelcomePageHandlerMapping    : Adding welcome page: class path resource [static/index.html]
2021-09-22 22:53:26.522  INFO 76776 --- [    Test worker] j.jpashop.service.MemberServiceTest      : Started MemberServiceTest in 7.142 seconds (JVM running for 8.922)
2021-09-22 22:53:26.623  INFO 76776 --- [    Test worker] o.s.t.c.transaction.TransactionContext   : Began transaction (1) for test context [DefaultTestContext@764f6115 testClass = MemberServiceTest, testInstance = jpabook.jpashop.service.MemberServiceTest@12a01328, testMethod = 중복_회원_에외@MemberServiceTest, testException = [null], mergedContextConfiguration = [WebMergedContextConfiguration@20f10a49 testClass = MemberServiceTest, locations = '{}', classes = '{class jpabook.jpashop.JpashopApplication}', contextInitializerClasses = '[]', activeProfiles = '{}', propertySourceLocations = '{}', propertySourceProperties = '{org.springframework.boot.test.context.SpringBootTestContextBootstrapper=true}', contextCustomizers = set[org.springframework.boot.test.autoconfigure.actuate.metrics.MetricsExportContextCustomizerFactory$DisableMetricExportContextCustomizer@268bbef1, org.springframework.boot.test.autoconfigure.properties.PropertyMappingContextCustomizer@0, org.springframework.boot.test.autoconfigure.web.servlet.WebDriverContextCustomizerFactory$Customizer@45adb80a, org.springframework.boot.test.context.filter.ExcludeFilterContextCustomizer@696f2190, org.springframework.boot.test.json.DuplicateJsonObjectContextCustomizerFactory$DuplicateJsonObjectContextCustomizer@4e8ed66c, org.springframework.boot.test.mock.mockito.MockitoContextCustomizer@0, org.springframework.boot.test.web.client.TestRestTemplateContextCustomizer@249ccd37, org.springframework.boot.test.context.SpringBootTestArgs@1, org.springframework.boot.test.context.SpringBootTestWebEnvironment@c5ff5df], resourceBasePath = 'src/main/webapp', contextLoader = 'org.springframework.boot.test.context.SpringBootContextLoader', parent = [null]], attributes = map['org.springframework.test.context.web.ServletTestExecutionListener.activateListener' -&gt; true, 'org.springframework.test.context.web.ServletTestExecutionListener.populatedRequestContextHolder' -&gt; true, 'org.springframework.test.context.web.ServletTestExecutionListener.resetRequestContextHolder' -&gt; true, 'org.springframework.test.context.event.ApplicationEventsTestExecutionListener.recordApplicationEvents' -&gt; false]]; transaction manager [org.springframework.orm.jpa.JpaTransactionManager@1b60743b]; rollback [true]
2021-09-22 22:53:27.038 DEBUG 76776 --- [    Test worker] org.hibernate.SQL                        : 
    select
        member0_.member_id as member_i1_4_,
        member0_.city as city2_4_,
        member0_.street as street3_4_,
        member0_.zipcode as zipcode4_4_,
        member0_.name as name5_4_ 
    from
        member member0_ 
    where
        member0_.name=?
2021-09-22 22:53:27.044 TRACE 76776 --- [    Test worker] o.h.type.descriptor.sql.BasicBinder      : binding parameter [1] as [VARCHAR] - [kim]
2021-09-22 22:53:27.049  INFO 76776 --- [    Test worker] p6spy                                    : #1632318807049 | took 3ms | statement | connection 3| url jdbc:h2:tcp://localhost/~/jpashop
select member0_.member_id as member_i1_4_, member0_.city as city2_4_, member0_.street as street3_4_, member0_.zipcode as zipcode4_4_, member0_.name as name5_4_ from member member0_ where member0_.name=?
select member0_.member_id as member_i1_4_, member0_.city as city2_4_, member0_.street as street3_4_, member0_.zipcode as zipcode4_4_, member0_.name as name5_4_ from member member0_ where member0_.name='kim';
2021-09-22 22:53:27.056 DEBUG 76776 --- [    Test worker] org.hibernate.SQL                        : 
    call next value for hibernate_sequence
2021-09-22 22:53:27.057  INFO 76776 --- [    Test worker] p6spy                                    : #1632318807057 | took 0ms | statement | connection 3| url jdbc:h2:tcp://localhost/~/jpashop
call next value for hibernate_sequence
call next value for hibernate_sequence;
2021-09-22 22:53:27.087 DEBUG 76776 --- [    Test worker] org.hibernate.SQL                        : 
    insert 
    into
        member
        (city, street, zipcode, name, member_id) 
    values
        (?, ?, ?, ?, ?)
2021-09-22 22:53:27.088 TRACE 76776 --- [    Test worker] o.h.type.descriptor.sql.BasicBinder      : binding parameter [1] as [VARCHAR] - [null]
2021-09-22 22:53:27.088 TRACE 76776 --- [    Test worker] o.h.type.descriptor.sql.BasicBinder      : binding parameter [2] as [VARCHAR] - [null]
2021-09-22 22:53:27.089 TRACE 76776 --- [    Test worker] o.h.type.descriptor.sql.BasicBinder      : binding parameter [3] as [VARCHAR] - [null]
2021-09-22 22:53:27.089 TRACE 76776 --- [    Test worker] o.h.type.descriptor.sql.BasicBinder      : binding parameter [4] as [VARCHAR] - [kim]
2021-09-22 22:53:27.089 TRACE 76776 --- [    Test worker] o.h.type.descriptor.sql.BasicBinder      : binding parameter [5] as [BIGINT] - [1]
2021-09-22 22:53:27.090  INFO 76776 --- [    Test worker] p6spy                                    : #1632318807090 | took 0ms | statement | connection 3| url jdbc:h2:tcp://localhost/~/jpashop
insert into member (city, street, zipcode, name, member_id) values (?, ?, ?, ?, ?)
insert into member (city, street, zipcode, name, member_id) values (NULL, NULL, NULL, 'kim', 1);
2021-09-22 22:53:27.094 DEBUG 76776 --- [    Test worker] org.hibernate.SQL                        : 
    select
        member0_.member_id as member_i1_4_,
        member0_.city as city2_4_,
        member0_.street as street3_4_,
        member0_.zipcode as zipcode4_4_,
        member0_.name as name5_4_ 
    from
        member member0_ 
    where
        member0_.name=?
2021-09-22 22:53:27.095 TRACE 76776 --- [    Test worker] o.h.type.descriptor.sql.BasicBinder      : binding parameter [1] as [VARCHAR] - [Kim]
2021-09-22 22:53:27.096  INFO 76776 --- [    Test worker] p6spy                                    : #1632318807096 | took 0ms | statement | connection 3| url jdbc:h2:tcp://localhost/~/jpashop
select member0_.member_id as member_i1_4_, member0_.city as city2_4_, member0_.street as street3_4_, member0_.zipcode as zipcode4_4_, member0_.name as name5_4_ from member member0_ where member0_.name=?
select member0_.member_id as member_i1_4_, member0_.city as city2_4_, member0_.street as street3_4_, member0_.zipcode as zipcode4_4_, member0_.name as name5_4_ from member member0_ where member0_.name='Kim';
2021-09-22 22:53:27.096 DEBUG 76776 --- [    Test worker] org.hibernate.SQL                        : 
    call next value for hibernate_sequence
2021-09-22 22:53:27.097  INFO 76776 --- [    Test worker] p6spy                                    : #1632318807097 | took 0ms | statement | connection 3| url jdbc:h2:tcp://localhost/~/jpashop
call next value for hibernate_sequence
call next value for hibernate_sequence;
2021-09-22 22:53:27.105  INFO 76776 --- [    Test worker] p6spy                                    : #1632318807105 | took 0ms | rollback | connection 3| url jdbc:h2:tcp://localhost/~/jpashop

;
2021-09-22 22:53:27.108  INFO 76776 --- [    Test worker] o.s.t.c.transaction.TransactionContext   : Rolled back transaction for test: [DefaultTestContext@764f6115 testClass = MemberServiceTest, testInstance = jpabook.jpashop.service.MemberServiceTest@12a01328, testMethod = 중복_회원_에외@MemberServiceTest, testException = java.lang.Exception: Unexpected exception, expected&lt;java.lang.IllegalStateException&gt; but was&lt;java.lang.AssertionError&gt;, mergedContextConfiguration = [WebMergedContextConfiguration@20f10a49 testClass = MemberServiceTest, locations = '{}', classes = '{class jpabook.jpashop.JpashopApplication}', contextInitializerClasses = '[]', activeProfiles = '{}', propertySourceLocations = '{}', propertySourceProperties = '{org.springframework.boot.test.context.SpringBootTestContextBootstrapper=true}', contextCustomizers = set[org.springframework.boot.test.autoconfigure.actuate.metrics.MetricsExportContextCustomizerFactory$DisableMetricExportContextCustomizer@268bbef1, org.springframework.boot.test.autoconfigure.properties.PropertyMappingContextCustomizer@0, org.springframework.boot.test.autoconfigure.web.servlet.WebDriverContextCustomizerFactory$Customizer@45adb80a, org.springframework.boot.test.context.filter.ExcludeFilterContextCustomizer@696f2190, org.springframework.boot.test.json.DuplicateJsonObjectContextCustomizerFactory$DuplicateJsonObjectContextCustomizer@4e8ed66c, org.springframework.boot.test.mock.mockito.MockitoContextCustomizer@0, org.springframework.boot.test.web.client.TestRestTemplateContextCustomizer@249ccd37, org.springframework.boot.test.context.SpringBootTestArgs@1, org.springframework.boot.test.context.SpringBootTestWebEnvironment@c5ff5df], resourceBasePath = 'src/main/webapp', contextLoader = 'org.springframework.boot.test.context.SpringBootContextLoader', parent = [null]], attributes = map['org.springframework.test.context.web.ServletTestExecutionListener.activateListener' -&gt; true, 'org.springframework.test.context.web.ServletTestExecutionListener.populatedRequestContextHolder' -&gt; true, 'org.springframework.test.context.web.ServletTestExecutionListener.resetRequestContextHolder' -&gt; true, 'org.springframework.test.context.event.ApplicationEventsTestExecutionListener.recordApplicationEvents' -&gt; false]]
</pre>
</span>
</div>
</div>
<div id="footer">
<p>
<div>
<label class="hidden" id="label-for-line-wrapping-toggle" for="line-wrapping-toggle">Wrap lines
<input id="line-wrapping-toggle" type="checkbox" autocomplete="off"/>
</label>
</div>Generated by 
<a href="http://www.gradle.org">Gradle 7.1.1</a> at 2021. 9. 22. 오후 10:53:27</p>
</div>
</div>
</body>
</html>
